[    0.000000] Initializing cgroup subsys cpuset
[    0.000000] Initializing cgroup subsys cpu
[    0.000000] Initializing cgroup subsys cpuacct
[    0.000000] Linux version 4.4.0-141-generic (buildd@lcy01-amd64-027) (gcc version 5.4.0 20160609 (Ubuntu 5.4.0-6ubuntu1~16.04.10) ) #167-Ubuntu SMP Wed Dec 5 10:38:08 UTC 2018 (Ubuntu 4.4.0-141.167-generic 4.4.162)
[    0.000000] KERNEL supported cpus:
[    0.000000]   Intel GenuineIntel
[    0.000000]   AMD AuthenticAMD
[    0.000000]   NSC Geode by NSC
[    0.000000]   Cyrix CyrixInstead
[    0.000000]   Centaur CentaurHauls
[    0.000000]   Transmeta GenuineTMx86
[    0.000000]   Transmeta TransmetaCPU
[    0.000000]   UMC UMC UMC UMC
[    0.000000] x86/fpu: xstate_offset[2]:  576, xstate_sizes[2]:  256
[    0.000000] x86/fpu: Supporting XSAVE feature 0x01: 'x87 floating point registers'
[    0.000000] x86/fpu: Supporting XSAVE feature 0x02: 'SSE registers'
[    0.000000] x86/fpu: Supporting XSAVE feature 0x04: 'AVX registers'
[    0.000000] x86/fpu: Enabled xstate features 0x7, context size is 832 bytes, using 'standard' format.
[    0.000000] e820: BIOS-provided physical RAM map:
[    0.000000] BIOS-e820: [mem 0x0000000000000000-0x000000000009fbff] usable
[    0.000000] BIOS-e820: [mem 0x000000000009fc00-0x000000000009ffff] reserved
[    0.000000] BIOS-e820: [mem 0x00000000000f0000-0x00000000000fffff] reserved
[    0.000000] BIOS-e820: [mem 0x0000000000100000-0x00000000dffeffff] usable
[    0.000000] BIOS-e820: [mem 0x00000000dfff0000-0x00000000dfffffff] ACPI data
[    0.000000] BIOS-e820: [mem 0x00000000fec00000-0x00000000fec00fff] reserved
[    0.000000] BIOS-e820: [mem 0x00000000fee00000-0x00000000fee00fff] reserved
[    0.000000] BIOS-e820: [mem 0x00000000fffc0000-0x00000000ffffffff] reserved
[    0.000000] BIOS-e820: [mem 0x0000000100000000-0x000000011fffffff] usable
[    0.000000] NX (Execute Disable) protection: active
[    0.000000] SMBIOS 2.5 present.
[    0.000000] Hypervisor detected: KVM
[    0.000000] e820: last_pfn = 0x120000 max_arch_pfn = 0x1000000
[    0.000000] MTRR: Disabled
[    0.000000] x86/PAT: MTRRs disabled, skipping PAT initialization too.
[    0.000000] CPU MTRRs all blank - virtualized system.
[    0.000000] x86/PAT: Configuration [0-7]: WB  WT  UC- UC  WB  WT  UC- UC  
[    0.000000] found SMP MP-table at [mem 0x0009fff0-0x0009ffff] mapped at [c009fff0]
[    0.000000] Scanning 1 areas for low memory corruption
[    0.000000] RAMDISK: [mem 0x3631c000-0x37185fff]
[    0.000000] ACPI: Early table checksum verification disabled
[    0.000000] ACPI: RSDP 0x00000000000E0000 000024 (v02 VBOX  )
[    0.000000] ACPI: XSDT 0x00000000DFFF0030 00003C (v01 VBOX   VBOXXSDT 00000001 ASL  00000061)
[    0.000000] ACPI: FACP 0x00000000DFFF00F0 0000F4 (v04 VBOX   VBOXFACP 00000001 ASL  00000061)
[    0.000000] ACPI: DSDT 0x00000000DFFF0470 0021FF (v02 VBOX   VBOXBIOS 00000002 INTL 20100528)
[    0.000000] ACPI: FACS 0x00000000DFFF0200 000040
[    0.000000] ACPI: FACS 0x00000000DFFF0200 000040
[    0.000000] ACPI: APIC 0x00000000DFFF0240 000054 (v02 VBOX   VBOXAPIC 00000001 ASL  00000061)
[    0.000000] ACPI: SSDT 0x00000000DFFF02A0 0001CC (v01 VBOX   VBOXCPUT 00000002 INTL 20100528)
[    0.000000] 3716MB HIGHMEM available.
[    0.000000] 891MB LOWMEM available.
[    0.000000]   mapped low ram: 0 - 37bfe000
[    0.000000]   low ram: 0 - 37bfe000
[    0.000000] kvm-clock: Using msrs 4b564d01 and 4b564d00
[    0.000000] kvm-clock: cpu 0, msr 0:37bfd001, primary cpu clock
[    0.000000] kvm-clock: using sched offset of 4344663298 cycles
[    0.000000] clocksource: kvm-clock: mask: 0xffffffffffffffff max_cycles: 0x1cd42e4dffb, max_idle_ns: 881590591483 ns
[    0.000000] Zone ranges:
[    0.000000]   DMA      [mem 0x0000000000001000-0x0000000000ffffff]
[    0.000000]   Normal   [mem 0x0000000001000000-0x0000000037bfdfff]
[    0.000000]   HighMem  [mem 0x0000000037bfe000-0x000000011fffffff]
[    0.000000] Movable zone start for each node
[    0.000000] Early memory node ranges
[    0.000000]   node   0: [mem 0x0000000000001000-0x000000000009efff]
[    0.000000]   node   0: [mem 0x0000000000100000-0x00000000dffeffff]
[    0.000000]   node   0: [mem 0x0000000100000000-0x000000011fffffff]
[    0.000000] Initmem setup node 0 [mem 0x0000000000001000-0x000000011fffffff]
[    0.000000] Using APIC driver default
[    0.000000] ACPI: PM-Timer IO Port: 0x4008
[    0.000000] IOAPIC[0]: apic_id 1, version 32, address 0xfec00000, GSI 0-23
[    0.000000] ACPI: INT_SRC_OVR (bus 0 bus_irq 0 global_irq 2 dfl dfl)
[    0.000000] ACPI: INT_SRC_OVR (bus 0 bus_irq 9 global_irq 9 low level)
[    0.000000] Using ACPI (MADT) for SMP configuration information
[    0.000000] smpboot: Allowing 1 CPUs, 0 hotplug CPUs
[    0.000000] PM: Registered nosave memory: [mem 0x00000000-0x00000fff]
[    0.000000] PM: Registered nosave memory: [mem 0x0009f000-0x0009ffff]
[    0.000000] PM: Registered nosave memory: [mem 0x000a0000-0x000effff]
[    0.000000] PM: Registered nosave memory: [mem 0x000f0000-0x000fffff]
[    0.000000] e820: [mem 0xe0000000-0xfebfffff] available for PCI devices
[    0.000000] Booting paravirtualized kernel on KVM
[    0.000000] clocksource: refined-jiffies: mask: 0xffffffff max_cycles: 0xffffffff, max_idle_ns: 7645519600211568 ns
[    0.000000] setup_percpu: NR_CPUS:8 nr_cpumask_bits:8 nr_cpu_ids:1 nr_node_ids:1
[    0.000000] PERCPU: Embedded 19 pages/cpu @f71c3000 s47436 r0 d30388 u77824
[    0.000000] PV qspinlock hash table entries: 512 (order: 0, 4096 bytes)
[    0.000000] Built 1 zonelists in Zone order, mobility grouping on.  Total pages: 1046232
[    0.000000] Kernel command line: BOOT_IMAGE=/boot/vmlinuz-4.4.0-141-generic root=UUID=64ec2923-c254-4787-8dc6-caec2d94bfd7 ro console=tty1 console=ttyS0
[    0.000000] PID hash table entries: 4096 (order: 2, 16384 bytes)
[    0.000000] Dentry cache hash table entries: 131072 (order: 7, 524288 bytes)
[    0.000000] Inode-cache hash table entries: 65536 (order: 6, 262144 bytes)
[    0.000000] Initializing CPU#0
[    0.000000] Initializing HighMem for node 0 (00037bfe:00120000)
[    0.000000] Initializing Movable for node 0 (00000000:00000000)
[    0.000000] Memory: 4123128K/4193848K available (8052K kernel code, 778K rwdata, 3180K rodata, 952K init, 800K bss, 70720K reserved, 0K cma-reserved, 3280840K highmem)
[    0.000000] virtual kernel memory layout:
[    0.000000]     fixmap  : 0xfff15000 - 0xfffff000   ( 936 kB)
[    0.000000]     pkmap   : 0xffc00000 - 0xffe00000   (2048 kB)
[    0.000000]     vmalloc : 0xf83fe000 - 0xffbfe000   ( 120 MB)
[    0.000000]     lowmem  : 0xc0000000 - 0xf7bfe000   ( 891 MB)
[    0.000000]       .init : 0xc1bbe000 - 0xc1cac000   ( 952 kB)
[    0.000000]       .data : 0xc17dd3c4 - 0xc1bbc9c0   (3965 kB)
[    0.000000]       .text : 0xc1000000 - 0xc17dd3c4   (8052 kB)
[    0.000000] Checking if this processor honours the WP bit even in supervisor mode...Ok.
[    0.000000] SLUB: HWalign=64, Order=0-3, MinObjects=0, CPUs=1, Nodes=1
[    0.000000] Hierarchical RCU implementation.
[    0.000000] 	Build-time adjustment of leaf fanout to 32.
[    0.000000] 	RCU restricting CPUs from NR_CPUS=8 to nr_cpu_ids=1.
[    0.000000] RCU: Adjusting geometry for rcu_fanout_leaf=32, nr_cpu_ids=1
[    0.000000] NR_IRQS:2304 nr_irqs:256 16
[    0.000000] Console: colour VGA+ 80x25
[    0.000000] console [tty1] enabled
[    0.000000] console [ttyS0] enabled
[    0.000000] allocated 4194304 bytes of page_ext
[    0.000000] tsc: Detected 2494.230 MHz processor
[    1.318409] Calibrating delay loop (skipped) preset value.. 4988.46 BogoMIPS (lpj=9976920)
[    1.322060] pid_max: default: 32768 minimum: 301
[    1.323956] ACPI: Core revision 20150930
[    1.334936] ACPI: 2 ACPI AML tables successfully acquired and loaded
[    1.337674] Security Framework initialized
[    1.339439] Yama: becoming mindful.
[    1.341139] AppArmor: AppArmor initialized
[    1.343013] Mount-cache hash table entries: 2048 (order: 1, 8192 bytes)
[    1.352097] Mountpoint-cache hash table entries: 2048 (order: 1, 8192 bytes)
[    1.368036] Initializing cgroup subsys io
[    1.373066] Initializing cgroup subsys memory
[    1.377980] Initializing cgroup subsys devices
[    1.381066] Initializing cgroup subsys freezer
[    1.383126] Initializing cgroup subsys net_cls
[    1.388928] Initializing cgroup subsys perf_event
[    1.390970] Initializing cgroup subsys net_prio
[    1.402610] Initializing cgroup subsys hugetlb
[    1.422801] Initializing cgroup subsys pids
[    1.450012] mce: CPU supports 0 MCE banks
[    1.451786] process: using mwait in idle threads
[    1.457800] Last level iTLB entries: 4KB 1024, 2MB 1024, 4MB 1024
[    1.460134] Last level dTLB entries: 4KB 1024, 2MB 1024, 4MB 1024, 1GB 4
[    1.473599] Spectre V2 : Mitigation: Full generic retpoline
[    1.493679] Spectre V2 : Spectre v2 mitigation: Speculation control IBPB not-supported IBRS not-supported
[    1.502819] Spectre V2 : Spectre v2 / SpectreRSB mitigation: Filling RSB on context switch
[    1.514511] Speculative Store Bypass: Vulnerable
[    1.548869] Freeing SMP alternatives memory: 32K
[    1.569451] ftrace: allocating 31566 entries in 62 pages
[    1.701941] smpboot: APIC(0) Converting physical 0 to logical package 0
[    1.717280] smpboot: Max logical packages: 1
[    1.730391] Enabling APIC mode:  Flat.  Using 1 I/O APICs
[    1.742301] ..TIMER: vector=0x30 apic1=0 pin1=2 apic2=-1 pin2=-1
[    1.852930] smpboot: CPU0: Intel(R) Core(TM) i7-4710HQ CPU @ 2.50GHz (family: 0x6, model: 0x3c, stepping: 0x3)
[    1.870384] Performance Events: unsupported p6 CPU model 60 no PMU driver, software events only.
[    1.875642] KVM setup paravirtual spinlock
[    1.881505] x86: Booted up 1 node, 1 CPUs
[    1.887723] smpboot: Total of 1 processors activated (4988.46 BogoMIPS)
[    1.890772] devtmpfs: initialized
[    1.892969] evm: security.selinux
[    1.894506] evm: security.SMACK64
[    1.896036] evm: security.SMACK64EXEC
[    1.905630] evm: security.SMACK64TRANSMUTE
[    1.909191] evm: security.SMACK64MMAP
[    1.918806] evm: security.ima
[    1.933146] evm: security.capability
[    1.936795] clocksource: jiffies: mask: 0xffffffff max_cycles: 0xffffffff, max_idle_ns: 7645041785100000 ns
[    1.943541] futex hash table entries: 256 (order: 2, 16384 bytes)
[    1.968397] pinctrl core: initialized pinctrl subsystem
[    1.976092] RTC time: 11:53:48, date: 12/31/18
[    1.983018] NET: Registered protocol family 16
[    1.985293] EISA bus registered
[    1.986858] cpuidle: using governor ladder
[    1.988654] cpuidle: using governor menu
[    1.990431] PCCT header not found.
[    1.992185] ACPI: bus type PCI registered
[    1.993996] acpiphp: ACPI Hot Plug PCI Controller Driver version: 0.5
[    1.996909] PCI : PCI BIOS area is rw and x. Use pci=nobios if you want it NX.
[    2.000034] PCI: PCI BIOS revision 2.10 entry at 0xfda26, last bus=0
[    2.004368] PCI: Using configuration type 1 for base access
[    2.018073] ACPI: Added _OSI(Module Device)
[    2.019886] ACPI: Added _OSI(Processor Device)
[    2.021786] ACPI: Added _OSI(3.0 _SCP Extensions)
[    2.025671] ACPI: Added _OSI(Processor Aggregator Device)
[    2.029785] ACPI: Executed 1 blocks of module-level executable AML code
[    2.039967] ACPI: Interpreter enabled
[    2.048386] ACPI: (supports S0 S5)
[    2.049945] ACPI: Using IOAPIC for interrupt routing
[    2.076859] PCI: Using host bridge windows from ACPI; if necessary, use "pci=nocrs" and report a bug
[    2.095169] ACPI: PCI Root Bridge [PCI0] (domain 0000 [bus 00-ff])
[    2.129383] acpi PNP0A03:00: _OSC: OS supports [ASPM ClockPM Segments MSI]
[    2.151976] acpi PNP0A03:00: _OSC: not requesting OS control; OS requires [ExtendedConfig ASPM ClockPM MSI]
[    2.157658] acpi PNP0A03:00: fail to add MMCONFIG information, can't access extended PCI configuration space under this bridge.
[    2.162713] PCI host bridge to bus 0000:00
[    2.166018] pci_bus 0000:00: root bus resource [io  0x0000-0x0cf7 window]
[    2.172382] pci_bus 0000:00: root bus resource [io  0x0d00-0xffff window]
[    2.193288] pci_bus 0000:00: root bus resource [mem 0x000a0000-0x000bffff window]
[    2.204381] pci_bus 0000:00: root bus resource [mem 0xe0000000-0xfdffffff window]
[    2.207590] pci_bus 0000:00: root bus resource [bus 00-ff]
[    2.213194] pci 0000:00:01.1: legacy IDE quirk: reg 0x10: [io  0x01f0-0x01f7]
[    2.230123] pci 0000:00:01.1: legacy IDE quirk: reg 0x14: [io  0x03f6]
[    2.242738] pci 0000:00:01.1: legacy IDE quirk: reg 0x18: [io  0x0170-0x0177]
[    2.253598] pci 0000:00:01.1: legacy IDE quirk: reg 0x1c: [io  0x0376]
[    2.324477] pci 0000:00:07.0: quirk: [io  0x4000-0x403f] claimed by PIIX4 ACPI
[    2.328009] pci 0000:00:07.0: quirk: [io  0x4100-0x410f] claimed by PIIX4 SMB
[    2.388518] ACPI: PCI Interrupt Link [LNKA] (IRQs 5 9 10 *11)
[    2.393633] ACPI: PCI Interrupt Link [LNKB] (IRQs 5 9 *10 11)
[    2.397438] ACPI: PCI Interrupt Link [LNKC] (IRQs 5 *9 10 11)
[    2.402706] ACPI: PCI Interrupt Link [LNKD] (IRQs 5 9 10 *11)
[    2.408646] ACPI: Enabled 2 GPEs in block 00 to 07
[    2.413852] vgaarb: setting as boot device: PCI:0000:00:02.0
[    2.416072] vgaarb: device added: PCI:0000:00:02.0,decodes=io+mem,owns=io+mem,locks=none
[    2.419496] vgaarb: loaded
[    2.420895] vgaarb: bridge control possible 0000:00:02.0
[    2.427882] SCSI subsystem initialized
[    2.429734] ACPI: bus type USB registered
[    2.431563] usbcore: registered new interface driver usbfs
[    2.436428] usbcore: registered new interface driver hub
[    2.454937] usbcore: registered new device driver usb
[    2.457421] PCI: Using ACPI for IRQ routing
[    2.462661] NetLabel: Initializing
[    2.465503] NetLabel:  domain hash size = 128
[    2.467365] NetLabel:  protocols = UNLABELED CIPSOv4
[    2.469403] NetLabel:  unlabeled traffic allowed by default
[    2.471892] amd_nb: Cannot enumerate AMD northbridges
[    2.473974] clocksource: Switched to clocksource kvm-clock
[    2.503755] AppArmor: AppArmor Filesystem Enabled
[    2.505832] pnp: PnP ACPI init
[    2.509319] pnp: PnP ACPI: found 3 devices
[    2.513010] PnPBIOS: Disabled by ACPI PNP
[    2.555494] clocksource: acpi_pm: mask: 0xffffff max_cycles: 0xffffff, max_idle_ns: 2085701024 ns
[    2.570655] NET: Registered protocol family 2
[    2.575323] TCP established hash table entries: 8192 (order: 3, 32768 bytes)
[    2.577987] TCP bind hash table entries: 8192 (order: 4, 65536 bytes)
[    2.580458] TCP: Hash tables configured (established 8192 bind 8192)
[    2.582864] UDP hash table entries: 512 (order: 2, 16384 bytes)
[    2.585166] UDP-Lite hash table entries: 512 (order: 2, 16384 bytes)
[    2.587651] NET: Registered protocol family 1
[    2.589491] pci 0000:00:00.0: Limiting direct PCI/PCI transfers
[    2.598946] pci 0000:00:01.0: Activating ISA DMA hang workarounds
[    2.609009] Unpacking initramfs...
[    3.199422] Freeing initrd memory: 14760K
[    3.203154] RAPL PMU detected, API unit is 2^-32 Joules, 4 fixed counters 10737418240 ms ovfl timer
[    3.209148] hw unit of domain pp0-core 2^-0 Joules
[    3.235351] hw unit of domain package 2^-0 Joules
[    3.251666] hw unit of domain dram 2^-0 Joules
[    3.253551] hw unit of domain pp1-gpu 2^-0 Joules
[    3.265180] platform rtc_cmos: registered platform RTC device (no PNP device found)
[    3.270911] Scanning for low memory corruption every 60 seconds
[    3.273921] audit: initializing netlink subsys (disabled)
[    3.282740] audit: type=2000 audit(1546257234.612:1): initialized
[    3.287110] Initialise system trusted keyring
[    3.289090] HugeTLB registered 2 MB page size, pre-allocated 0 pages
[    3.303284] zbud: loaded
[    3.306139] VFS: Disk quotas dquot_6.6.0
[    3.322402] VFS: Dquot-cache hash table entries: 1024 (order 0, 4096 bytes)
[    3.331320] squashfs: version 4.0 (2009/01/31) Phillip Lougher
[    3.334211] fuse init (API version 7.23)
[    3.341771] Key type big_key registered
[    3.347141] Allocating IMA MOK and blacklist keyrings.
[    3.358201] Key type asymmetric registered
[    3.360056] Asymmetric key parser 'x509' registered
[    3.365562] bounce: pool size: 64 pages
[    3.387734] Block layer SCSI generic (bsg) driver version 0.4 loaded (major 249)
[    3.390953] io scheduler noop registered
[    3.398025] io scheduler deadline registered (default)
[    3.401475] io scheduler cfq registered
[    3.410087] pci_hotplug: PCI Hot Plug PCI Core version: 0.5
[    3.422404] pciehp: PCI Express Hot Plug Controller Driver version: 0.4
[    3.435033] ACPI: AC Adapter [AC] (on-line)
[    3.445950] input: Power Button as /devices/LNXSYSTM:00/LNXPWRBN:00/input/input0
[    3.452158] ACPI: Power Button [PWRF]
[    3.454174] input: Sleep Button as /devices/LNXSYSTM:00/LNXSLPBN:00/input/input1
[    3.460183] ACPI: Sleep Button [SLPF]
[    3.465943] ACPI: Battery Slot [BAT0] (battery present)
[    3.470824] GHES: HEST is not enabled!
[    3.486518] isapnp: Scanning for PnP cards...
[    3.494370] Serial: 8250/16550 driver, 32 ports, IRQ sharing enabled
[    3.569218] 00:02: ttyS0 at I/O 0x3f8 (irq = 4, base_baud = 115200) is a 16550A
[    3.586890] Linux agpgart interface v0.103
[    3.638183] loop: module loaded
[    3.647648] scsi host0: ata_piix
[    3.654662] scsi host1: ata_piix
[    3.665428] ata1: PATA max UDMA/33 cmd 0x1f0 ctl 0x3f6 bmdma 0xd000 irq 14
[    3.679250] ata2: PATA max UDMA/33 cmd 0x170 ctl 0x376 bmdma 0xd008 irq 15
[    3.753234] libphy: Fixed MDIO Bus: probed
[    3.755061] tun: Universal TUN/TAP device driver, 1.6
[    3.764908] tun: (C) 1999-2004 Max Krasnyansky <maxk@qualcomm.com>
[    3.811611] PPP generic driver version 2.4.2
[    3.813577] ehci_hcd: USB 2.0 'Enhanced' Host Controller (EHCI) Driver
[    3.831634] ehci-pci: EHCI PCI platform driver
[    3.833587] ehci-platform: EHCI generic platform driver
[    3.835739] ohci_hcd: USB 1.1 'Open' Host Controller (OHCI) Driver
[    3.839733] ohci-pci: OHCI PCI platform driver
[    3.893699] ohci-platform: OHCI generic platform driver
[    3.897235] uhci_hcd: USB Universal Host Controller Interface driver
[    3.907446] i8042: PNP: PS/2 Controller [PNP0303:PS2K,PNP0f03:PS2M] at 0x60,0x64 irq 1,12
[    3.916305] serio: i8042 KBD port at 0x60,0x64 irq 1
[    3.918314] serio: i8042 AUX port at 0x60,0x64 irq 12
[    3.981905] mousedev: PS/2 mouse device common for all mice
[    3.985933] input: AT Translated Set 2 keyboard as /devices/platform/i8042/serio0/input/input2
[    3.993138] rtc_cmos rtc_cmos: rtc core: registered rtc_cmos as rtc0
[    4.005024] rtc_cmos rtc_cmos: alarms up to one day, 114 bytes nvram
[    4.015609] i2c /dev entries driver
[    4.017356] device-mapper: uevent: version 1.0.3
[    4.019664] device-mapper: ioctl: 4.34.0-ioctl (2015-10-28) initialised: dm-devel@redhat.com
[    4.023197] platform eisa.0: Probing EISA bus 0
[    4.026336] platform eisa.0: EISA: Cannot allocate resource for mainboard
[    4.030549] platform eisa.0: Cannot allocate resource for EISA slot 1
[    4.102734] platform eisa.0: Cannot allocate resource for EISA slot 2
[    4.109886] platform eisa.0: Cannot allocate resource for EISA slot 3
[    4.117191] platform eisa.0: Cannot allocate resource for EISA slot 4
[    4.179630] isapnp: No Plug & Play device found
[    4.187036] platform eisa.0: Cannot allocate resource for EISA slot 5
[    4.206967] platform eisa.0: Cannot allocate resource for EISA slot 6
[    4.222034] platform eisa.0: Cannot allocate resource for EISA slot 7
[    4.243148] platform eisa.0: Cannot allocate resource for EISA slot 8
[    4.252631] platform eisa.0: EISA: Detected 0 cards
[    4.256546] cpufreq-nforce2: No nForce2 chipset.
[    4.264196] tsc: Refined TSC clocksource calibration: 2494.239 MHz
[    4.271448] clocksource: tsc: mask: 0xffffffffffffffff max_cycles: 0x23f3f786014, max_idle_ns: 440795277748 ns
[    4.278046] ledtrig-cpu: registered to indicate activity on CPUs
[    4.306614] NET: Registered protocol family 10
[    4.310436] NET: Registered protocol family 17
[    4.313953] Key type dns_resolver registered
[    4.330103] Using IPI No-Shortcut mode
[    4.335690] registered taskstats version 1
[    4.339294] Loading compiled-in X.509 certificates
[    4.348606] Loaded X.509 cert 'Build time autogenerated kernel key: 8ee7231a1e42e4b4a17d0e4b95c66ffe15d3b32e'
[    4.363872] zswap: loaded using pool lzo/zbud
[    4.369510] Key type trusted registered
[    4.391731] Key type encrypted registered
[    4.393619] AppArmor: AppArmor sha1 policy hashing enabled
[    4.401203] ima: No TPM chip found, activating TPM-bypass!
[    4.405058] ima: Allocated hash algorithm: sha1
[    4.418380] evm: HMAC attrs: 0x1
[    4.424454]   Magic number: 14:871:884
[    4.431114] rtc_cmos rtc_cmos: setting system clock to 2018-12-31 11:53:50 UTC (1546257230)
[    4.434767] BIOS EDD facility v0.16 2004-Jun-25, 0 devices found
[    4.437116] EDD information not available.
[    4.439886] Freeing unused kernel memory: 952K
[    4.450188] Write protecting the kernel text: 8056k
[    4.452708] Write protecting the kernel read-only data: 3184k
[    4.454934] NX-protecting the kernel data: 6280k
Loading, please wait...
starting version 229
[    4.483415] random: systemd-udevd: uninitialized urandom read (16 bytes read, 2 bits of entropy available)
[    4.487467] random: systemd-udevd: uninitialized urandom read (16 bytes read, 2 bits of entropy available)
[    4.526884] random: udevadm: uninitialized urandom read (16 bytes read, 2 bits of entropy available)
[    4.566246] random: systemd-udevd: uninitialized urandom read (16 bytes read, 2 bits of entropy available)
[    4.597817] random: udevadm: uninitialized urandom read (16 bytes read, 2 bits of entropy available)
[    4.614576] random: udevadm: uninitialized urandom read (16 bytes read, 2 bits of entropy available)
[    4.642448] random: udevadm: uninitialized urandom read (16 bytes read, 2 bits of entropy available)
[    4.677107] random: udevadm: uninitialized urandom read (16 bytes read, 2 bits of entropy available)
[    4.688291] random: udevadm: uninitialized urandom read (16 bytes read, 2 bits of entropy available)
[    4.720755] random: udevadm: uninitialized urandom read (16 bytes read, 2 bits of entropy available)
[    4.897157] Fusion MPT base driver 3.04.20
[    4.921825] Copyright (c) 1999-2008 LSI Corporation
[    4.942427] e1000: Intel(R) PRO/1000 Network Driver - version 7.3.21-k8-NAPI
[    4.947272] e1000: Copyright (c) 1999-2006 Intel Corporation.
[    5.173782] input: ImExPS/2 Generic Explorer Mouse as /devices/platform/i8042/serio1/input/input4
[    5.197468] Fusion MPT SPI Host driver 3.04.20
[    5.595052] e1000 0000:00:03.0 eth0: (PCI:33MHz:32-bit) 02:d4:93:ce:f2:18
[    5.598703] e1000 0000:00:03.0 eth0: Intel(R) PRO/1000 Network Connection
[    5.604754] mptbase: ioc0: Initiating bringup
[    5.670635] ioc0: LSI53C1030 A0: Capabilities={Initiator}
[    5.832315] scsi host2: ioc0: LSI53C1030 A0, FwRev=00000000h, Ports=1, MaxQ=256, IRQ=20
[    5.964771] scsi 2:0:0:0: Direct-Access     VBOX     HARDDISK         1.0  PQ: 0 ANSI: 5
[    5.976099] scsi target2:0:0: Beginning Domain Validation
[    5.984338] scsi target2:0:0: Domain Validation skipping write tests
[    5.996192] scsi target2:0:0: Ending Domain Validation
[    6.034945] scsi target2:0:0: asynchronous
[    6.073901] scsi 2:0:1:0: Direct-Access     VBOX     HARDDISK         1.0  PQ: 0 ANSI: 5
[    6.082418] scsi target2:0:1: Beginning Domain Validation
[    6.140521] scsi target2:0:1: Domain Validation skipping write tests
[    6.143122] scsi target2:0:1: Ending Domain Validation
[    6.160131] scsi target2:0:1: asynchronous
[    6.314381] sd 2:0:0:0: Attached scsi generic sg0 type 0
[    6.326318] sd 2:0:0:0: [sda] 20971520 512-byte logical blocks: (10.7 GB/10.0 GiB)
[    6.350242] sd 2:0:0:0: [sda] Write Protect is off
[    6.380955] sd 2:0:1:0: [sdb] 20480 512-byte logical blocks: (10.5 MB/10.0 MiB)
[    6.384201] sd 2:0:1:0: Attached scsi generic sg1 type 0
[    6.389022] sd 2:0:1:0: [sdb] Write Protect is off
[    6.402781] sd 2:0:1:0: [sdb] Incomplete mode parameter data
[    6.416257] sd 2:0:1:0: [sdb] Assuming drive cache: write through
[    6.440560] sd 2:0:0:0: [sda] Incomplete mode parameter data
[    6.444750] sd 2:0:0:0: [sda] Assuming drive cache: write through
[    6.479778] sd 2:0:1:0: [sdb] Attached SCSI disk
[    6.501190]  sda: sda1
[    6.519609] sd 2:0:0:0: [sda] Attached SCSI disk
[    6.596621] e1000 0000:00:08.0 eth1: (PCI:33MHz:32-bit) 08:00:27:c6:3d:b9
[    6.600174] e1000 0000:00:08.0 eth1: Intel(R) PRO/1000 Network Connection
[    6.617658] e1000 0000:00:03.0 enp0s3: renamed from eth0
[    6.624827] e1000 0000:00:08.0 enp0s8: renamed from eth1
Begin: Loading essential drivers[    8.568901] md: linear personality registered for level -1
 ... [    8.585932] md: multipath personality registered for level -4
[    8.596797] md: raid0 personality registered for level 0
[    8.608851] md: raid1 personality registered for level 1
[    8.706126] raid6: mmxx1    gen()  1143 MB/s
[    8.778395] raid6: mmxx2    gen()  1659 MB/s
[    8.854045] raid6: sse1x1   gen()   971 MB/s
[    8.930028] raid6: sse1x2   gen()  1740 MB/s
[    8.998054] raid6: sse2x1   gen()  2042 MB/s
[    9.070294] raid6: sse2x1   xor()  1014 MB/s
[    9.138130] raid6: sse2x2   gen()  3464 MB/s
[    9.234311] raid6: sse2x2   xor()  2156 MB/s
[    9.302157] raid6: avx2x1   gen()  4307 MB/s
[    9.374400] raid6: avx2x2   gen()  7191 MB/s
[    9.380644] raid6: using algorithm avx2x2 gen() 7191 MB/s
[    9.384253] raid6: using avx2x1 recovery algorithm
[    9.394578] xor: automatically using best checksumming function:
[    9.446167]    avx       : 14031.000 MB/sec
[    9.476107] async_tx: api initialized (async)
[    9.514859] md: raid6 personality registered for level 6
[    9.517059] md: raid5 personality registered for level 5
[    9.519258] md: raid4 personality registered for level 4
[    9.546414] md: raid10 personality registered for level 10
done.
Begin: Running /scripts/init-premount ... done.
Begin: Mounting root file system ... Begin: Running /scripts/local-top ... done.
Begin: Running /scripts/local-premount ... [    9.644672] Btrfs loaded
Scanning for Btrfs filesystems
done.
Warning: fsck not present, so skipping root file system
[    9.710468] EXT4-fs (sda1): mounted filesystem with ordered data mode. Opts: (null)
done.
Begin: Running /scripts/local-bottom ... done.
Begin: Running /scripts/init-bottom ... done.
[    9.879410] systemd[1]: systemd 229 running in system mode. (+PAM +AUDIT +SELINUX +IMA +APPARMOR +SMACK +SYSVINIT +UTMP +LIBCRYPTSETUP +GCRYPT +GNUTLS +ACL +XZ -LZ4 +SECCOMP +BLKID +ELFUTILS +KMOD -IDN)
[    9.892631] systemd[1]: Detected virtualization oracle.
[    9.908322] systemd[1]: Detected architecture x86.

Welcome to [1mUbuntu 16.04.5 LTS[0m!

[    9.938417] systemd[1]: Set hostname to <kouosl>.
[   10.194901] systemd[1]: Created slice User and Session Slice.
[[0;32m  OK  [0m] Created slice User and Session Slice.
[   10.209725] systemd[1]: Started Trigger resolvconf update for networkd DNS.
[[0;32m  OK  [0m] Started Trigger resolvconf update for networkd DNS.
[   10.231377] systemd[1]: Created slice System Slice.
[[0;32m  OK  [0m] Created slice System Slice.
[   10.235740] systemd[1]: Reached target Slices.
[[0;32m  OK  [0m] Reached target Slices.
[   10.239935] systemd[1]: Listening on Syslog Socket.
[[0;32m  OK  [0m] Listening on Syslog Socket.
[   10.244406] systemd[1]: Listening on Journal Audit Socket.
[[0;32m  OK  [0m] Listening on Journal Audit Socket.
[   10.262230] systemd[1]: Reached target System Time Synchronized.
[[0;32m  OK  [0m] Reached target System Time Synchronized.
[   10.290538] systemd[1]: Reached target User and Group Name Lookups.
[[0;32m  OK  [0m] Reached target User and Group Name Lookups.
[   10.322287] systemd[1]: Listening on udev Control Socket.
[[0;32m  OK  [0m] Listening on udev Control Socket.
[   10.346289] systemd[1]: Listening on udev Kernel Socket.
[[0;32m  OK  [0m] Listening on udev Kernel Socket.
[   10.374717] systemd[1]: Reached target Swap.
[[0;32m  OK  [0m] Reached target Swap.
[   10.399119] systemd[1]: Reached target Encrypted Volumes.
[[0;32m  OK  [0m] Reached target Encrypted Volumes.
[   10.430589] systemd[1]: Listening on /dev/initctl Compatibility Named Pipe.
[[0;32m  OK  [0m] Listening on /dev/initctl Compatibility Named Pipe.
[   10.478665] systemd[1]: Set up automount Arbitrary Executable File Formats File System Automount Point.
[[0;32m  OK  [0m] Set up automount Arbitrary Executab...ats File System Automount Point.
[   10.522456] systemd[1]: Started Forward Password Requests to Wall Directory Watch.
[[0;32m  OK  [0m] Started Forward Password Requests to Wall Directory Watch.
[   10.563077] systemd[1]: Created slice system-serial\x2dgetty.slice.
[[0;32m  OK  [0m] Created slice system-serial\x2dgetty.slice.
[   10.622359] systemd[1]: Listening on LVM2 metadata daemon socket.
[[0;32m  OK  [0m] Listening on LVM2 metadata daemon socket.
[   10.642345] systemd[1]: Listening on Device-mapper event daemon FIFOs.
[[0;32m  OK  [0m] Listening on Device-mapper event daemon FIFOs.
[   10.674056] systemd[1]: Listening on Journal Socket.
[[0;32m  OK  [0m] Listening on Journal Socket.
[   10.699612] systemd[1]: Mounting POSIX Message Queue File System...
         Mounting POSIX Message Queue File System...
[   10.747522] systemd[1]: Starting Monitoring of LVM2 mirrors, snapshots etc. using dmeventd or progress polling...
         Starting Monitoring of LVM2 mirrors... dmeventd or progress polling...
[   10.812081] systemd[1]: Starting Nameserver information manager...
         Starting Nameserver information manager...
[   10.849894] systemd[1]: Starting Load Kernel Modules...
         Starting Load Kernel Modules...
[   10.877384] systemd[1]: Starting Uncomplicated firewall...
[   10.897162] Loading iSCSI transport class v2.0-870.
         Starting Uncomplicated firewall...
[   10.923840] systemd[1]: Starting Set console keymap...
         Starting Set console keymap...
[   10.956557] iscsi: registered transport (tcp)
[   10.973130] systemd[1]: Starting Remount Root and Kernel File Systems...
         Starting Remount[   10.987656] EXT4-fs (sda1): re-mounted. Opts: (null)
 Root and Kernel File Systems...
[   11.005422] systemd[1]: Mounting Huge Pages File System...
         Mounting Huge Pages File System...
[   11.033229] systemd[1]: Starting Create list of required static device nodes for the current kernel...
         Starting Create list of required st... nodes for the current kernel...
[   11.058175] systemd[1]: Listening on LVM2 poll daemon socket.
[[0;32m  OK  [0m] Listening on LVM2 poll daemon socket.
[   11.085903] systemd[1]: Mounting Debug File System...
         Mounting Debug File System...
[   11.106735] systemd[1]: Listening on Journal Socket (/dev/log).
[[0;32m  OK  [0m] Listening on Journal Socket (/dev/log).
[   11.152361] random: nonblocking pool is initialized
[   11.164174] systemd[1]: Starting Journal Service...
         Starting Journal Service...
[   11.178436] systemd[1]: Mounted POSIX Message Queue File System.
[[0;32m  OK  [0m] Mounted POSIX Message Queue File System.
[   11.198411] systemd[1]: Mounted Huge Pages File System.
[[0;32m  OK  [0m] Mounted Huge Pages File System.
[   11.226269] systemd[1]: Mounted Debug File System.
[[0;32m  OK  [0m] Mounted Debug File System.
[   11.252553] systemd[1]: Started Uncomplicated firewall.
[[0;32m  OK  [0m] Started Uncomplicated firewall.
[   11.287752] systemd[1]: Started Remount Root and Kernel File Systems.
[[0;32m  OK  [0m] Started Remount Root and Kernel File Systems.
[   11.306212] iscsi: registered transport (iser)
[   11.312363] systemd[1]: Started Create list of required static device nodes for the current kernel.
[[0;32m  OK  [0m] Started Create list of required sta...ce nodes for the current kernel.
[   11.326799] systemd[1]: Started Nameserver information manager.
[[0;32m  OK  [0m] Started Nameserver information manager.
[   11.359559] systemd[1]: Started Load Kernel Modules.
[[0;32m  OK  [0m] Started Load Kernel Modules.
[   11.458854] systemd[1]: Started Journal Service.
[[0;32m  OK  [0m] Started Journal Service.
[[0;32m  OK  [0m] Started Set console keymap.
         Starting Apply Kernel Variables...
         Mounting FUSE Control File System...
[[0;32m  OK  [0m] Started LVM2 metadata daemon.
         Starting Create Static Device Nodes in /dev...
         Starting Flush Journal to Persistent Storage...
         Starting Load/Save Random Seed...
         Starting udev Coldplug all Devices...
[[0;32m  OK  [0m] Mounted FUSE Control File System.
[[0;32m  OK  [0m] Started Apply Kernel Variables.
[[0;32m  OK  [0m] Started Create Static Device Nodes in /dev.
[[0;32m  OK  [0m] Started Load/Save Random Seed.
[[0;32m  OK  [0m] Started Monitoring of LVM2 mirrors,...ng dmeventd or progress polling.
[[0;32m  OK  [0m] Started udev Coldplug all Devices.
[[0;32m  OK  [0m] Started Flush Journal to Persistent Storage.
         Starting udev Kernel Device Manager...
[[0;32m  OK  [0m] Started udev Kernel Device Manager.
[[0;32m  OK  [0m] Started Dispatch Password Requests to Console Directory Watch.
[[0;32m  OK  [0m] Reached target Local File Systems (Pre).
[[0;32m  OK  [0m] Reached target Local File Systems.
         Starting LSB: AppArmor initialization...
         Starting Tell Plymouth To Write Out Runtime Data...
         Starting Initial cloud-init job (pre-networking)...
         Starting Set console font and keymap...
         Starting Create Volatile Files and Directories...
[[0;32m  OK  [0m] Started Tell Plymouth To Write Out Runtime Data.
[[0;32m  OK  [0m] Started Create Volatile Files and Directories.
         Starting Update UTMP about System Boot/Shutdown...
[[0;32m  OK  [0m] Started Update UTMP about System Boot/Shutdown.
[[0;32m  OK  [0m] Started LSB: AppArmor initialization.
[[0;32m  OK  [0m] Found device /dev/ttyS0.
[[0;32m  OK  [0m] Found device 82540EM Gigabit Ethern...r (PRO/1000 MT Desktop Adapter).
[[0;32m  OK  [0m] Listening on Load/Save RF Kill Switch Status /dev/rfkill Watch.
[[0;32m  OK  [0m] Found device 82540EM Gigabit Ethern...r (PRO/1000 MT Desktop Adapter).
[[0;32m  OK  [0m] Started Set console font and keymap.
[   15.123460] cloud-init[494]: Cloud-init v. 18.3-9-g2e62cb8a-0ubuntu1~16.04.2 running 'init-local' at Mon, 31 Dec 2018 11:54:01 +0000. Up 13.78 seconds.
[[0;32m  OK  [0m] Created slice system-getty.slice.
[[0;32m  OK  [0m] Started Initial cloud-init job (pre-networking).
[[0;32m  OK  [0m] Reached target Network (Pre).
[[0;32m  OK  [0m] Started ifup for enp0s8.
[[0;32m  OK  [0m] Started ifup for enp0s3.
         Starting Raise network interfaces...
[[0;32m  OK  [0m] Started Raise network interfaces.
         Starting Initial cloud-init job (metadata service crawler)...
[[0;32m  OK  [0m] Reached target Network.
[   18.071716] cloud-init[1070]: Cloud-init v. 18.3-9-g2e62cb8a-0ubuntu1~16.04.2 running 'init' at Mon, 31 Dec 2018 11:54:05 +0000. Up 17.15 seconds.
[   18.126399] cloud-init[1070]: ci-info: ++++++++++++++++++++++++++++++++++++++Net device info+++++++++++++++++++++++++++++++++++++++
[   18.150273] cloud-init[1070]: ci-info: +--------+------+-----------------------------+---------------+--------+-------------------+
[   18.157205] cloud-init[1070]: ci-info: | Device |  Up  |           Address           |      Mask     | Scope  |     Hw-Address    |
[[0;32m  OK  [0m] Started Initial cloud-init job (metadata service crawler).
[   18.180652] cloud-init[1070]: ci-info: +--------+------+-----------------------------+---------------+--------+-------------------+
[   18.187832] [[0;32m  OK  [0m] Reached target Network is Online.
         Starting iSCSI initiator daemon (iscsid)...
[[0;32m  OK  [0m] Reached target System Initialization.
cloud-init[1070]: ci-info: | enp0s3 | True |          10.0.2.15          | 255.255.255.0 | global | 02:d4:93:ce:f2:18 |
         Starting LXD - unix socket.
[[0;32m  OK  [0m] Listening on D-Bus System Message Bus Socket.
         Starting Socket activation for snappy daemon.
[[0;32m  OK  [0m] Listening on ACPID Listen Socket.
[   18.207812] cloud-init[1070]: ci-info: | enp0s3 | True |  fe80::d4:93ff:fece:f218/64 |       .       |  link  | 02:d4:93:ce:f2:18 |
[   18.296425] cloud-init[1070]: ci-info: | enp0s8 | True |        192.168.83.137       | 255.255.255.0 | global | 08:00:27:c6:3d:b9 |
[   18.341268] cloud-init[1070]: ci-info: | enp0s8 | True | fe80::a00:27ff:fec6:3db9/64 |       .       |  link  | 08:00:27:c6:3d:b9 |
[[0;32m  OK  [0m[   18.416479] cloud-init[1070]: ci-info: |   lo   | True |          127.0.0.1          |   255.0.0.0   |  host  |         .         |
[   18.416613] cloud-init[1070]: ci-info: |   lo   | True |           ::1/128           |       .       |  host  |         .         |
[   18.416739] cloud-init[1070]: ci-info: +--------+------+-----------------------------+---------------+--------+-------------------+
[   18.416862] cloud-init[1070]: ci-info: ++++++++++++++++++++++++++++Route IPv4 info++++++++++++++++++++++++++++
[   18.416989] cloud-init[1070]: ci-info: +-------+--------------+----------+---------------+-----------+-------+
[   18.417147] cloud-init[1070]: ci-info: | Route | Destination  | Gateway  |    Genmask    | Interface | Flags |
[   18.417279] cloud-init[1070]: ci-info: +-------+--------------+----------+---------------+-----------+-------+
[   18.417406] cloud-init[1070]: ci-info: |   0   |   0.0.0.0    | 10.0.2.2 |    0.0.0.0    |   enp0s3  |   UG  |
[   18.417531] cloud-init[1070]: ci-info: |   1   |   10.0.2.0   | 0.0.0.0  | 255.255.255.0 |   enp0s3  |   U   |
[   18.417655] cloud-init[1070]: ci-info: |   2   | 192.168.83.0 | 0.0.0.0  | 255.255.255.0 |   enp0s8  |   U   |
[   18.417779] cloud-init[1070]: ci-info: +-------+--------------+----------+---------------+-----------+-------+
[   18.417903] cloud-init[1070]: ci-info: +++++++++++++++++++Route IPv6 info+++++++++++++++++++
[   18.418054] cloud-init[1070]: ci-info: +-------+-------------+---------+-----------+-------+
[   18.418586] cloud-init[1070]: ci-info: | Route | Destination | Gateway | Interface | Flags |
[   18.418713] cloud-init[1070]: ci-info: +-------+-------------+---------+-----------+-------+
[   18.418838] cloud-init[1070]: ci-info: |   0   |  fe80::/64  |    ::   |   enp0s8  |   U   |
[   18.418962] cloud-init[1070]: ci-info: |   1   |  fe80::/64  |    ::   |   enp0s3  |   U   |
[   18.419120] cloud-init[1070]: ci-info: |   5   |   ff00::/8  |    ::   |   enp0s8  |   U   |
[   18.419246] cloud-init[1070]: ci-info: |   6   |   ff00::/8  |    ::   |   enp0s3  |   U   |
[   18.419370] cloud-init[1070]: ci-info: +-------+-------------+---------+-----------+-------+
] Started Daily apt download activities.
[[0;32m  OK  [0m] Started Daily apt upgrade and clean activities.
[[0;32m  OK  [0m] Listening on UUID daemon activation socket.
[[0;32m  OK  [0m] Started ACPI Events Check.
[[0;32m  OK  [0m] Reached target Paths.
[[0;32m  OK  [0m] Started Daily Cleanup of Temporary Directories.
[[0;32m  OK  [0m] Reached target Timers.
[[0;32m  OK  [0m] Reached target Cloud-config availability.
[[0;32m  OK  [0m] Listening on LXD - unix socket.
[[0;32m  OK  [0m] Listening on Socket activation for snappy daemon.
[[0;32m  OK  [0m] Started iSCSI initiator daemon (iscsid).
         Starting Login to default iSCSI targets...
[[0;32m  OK  [0m] Reached target Sockets.
[[0;32m  OK  [0m] Reached target Basic System.
         Starting /etc/rc.local Compatibility...
         Starting LSB: MD monitoring daemon...
         Starting Login Service...
[[0;32m  OK  [0m] Started Deferred execution scheduler.
         Starting Snappy daemon...
[[0;32m  OK  [0m] Started D-Bus System Message Bus.
         Starting Virtualbox guest utils...
[[0;32m  OK  [0m] Started Unattended Upgrades Shutdown.
         Starting LSB: Record successful boot for GRUB...
[[0;32m  OK  [0m] Started Regular background program processing daemon.
         Starting OpenBSD Secure Shell server...
         Starting Accounts Service...
         Starting System Logging Service...
[[0;32m  OK  [0m] Started ACPI event daemon.
[[0;32m  OK  [0m] Started FUSE filesystem for LXC.
         Starting LXD - container startup/shutdown...
[[0;32m  OK  [0m] Started /etc/rc.local Compatibility.
[[0;32m  OK  [0m] Started System Logging Service.
[[0;32m  OK  [0m] Started Login to default iSCSI targets.
[[0;32m  OK  [0m] Started LSB: MD monitoring daemon.
[[0;32m  OK  [0m] Started LXD - container startup/shutdown.
[[0;32m  OK  [0m] Started Snappy daemon.
[[0;32m  OK  [0m] Started OpenBSD Secure Shell server.
[[0;32m  OK  [0m] Started LSB: Record successful boot for GRUB.
[[0;32m  OK  [0m] Started Virtualbox guest utils.
[[0;32m  OK  [0m] Started Login Service.
         Starting Authenticate and Authorize Users to Run Privileged Tasks...
         Starting Wait until snapd is fully seeded...
[[0;32m  OK  [0m] Reached target Remote File Systems (Pre).
[[0;32m  OK  [0m] Reached target Remote File Systems.
         Starting LSB: Set the CPU Frequency Scaling governor to "ondemand"...
         Starting LSB: Start and stop the mysql database server daemon...
         Starting LSB: Apache2 web server...
         Starting LSB: automatic crash report generation...
         Starting Permit User Sessions...
         Starting LSB: daemon to balance interrupts for SMP systems...
[[0;32m  OK  [0m] Started Permit User Sessions.
[[0;32m  OK  [0m] Started Authenticate and Authorize Users to Run Privileged Tasks.
[[0;32m  OK  [0m] Started Accounts Service.
[[0;32m  OK  [0m] Started Wait until snapd is fully seeded.
[[0;32m  OK  [0m] Started LSB: Set the CPU Frequency Scaling governor to "ondemand".
[[0;32m  OK  [0m] Started LSB: daemon to balance interrupts for SMP systems.
         Starting Apply the settings specified in cloud-config...
         Starting Terminate Plymouth Boot Screen...
         Starting Hold until boot process finishes up...
[[0;32m  OK  [0m] Started Hold until boot process finishes up.
[[0;32m  OK  [0m] Started Terminate Plymouth Boot Screen.
[[0;32m  OK  [0m] Started LSB: automatic crash report generation.
[[0;32m  OK  [0m] Started Serial Getty on ttyS0.
         Starting Set console scheme...
[[0;32m  OK  [0m] Started Getty on tty1.
[[0;32m  OK  [0m] Reached target Login Prompts.
[[0;32m  OK  [0m] Started Set console scheme.
[[0;32m  OK  [0m] Started LSB: Apache2 web server.
[[0;32m  OK  [0m] Started LSB: Start and stop the mysql database server daemon.
[[0;32m  OK  [0m] Reached target Multi-User System.
[[0;32m  OK  [0m] Reached target Graphical Interface.
         Starting Update UTMP about System Runlevel Changes...
[[0;32m  OK  [0m] Started Update UTMP about System Runlevel Changes.
[   24.404926] cloud-init[1322]: Cloud-init v. 18.3-9-g2e62cb8a-0ubuntu1~16.04.2 running 'modules:config' at Mon, 31 Dec 2018 11:54:11 +0000. Up 23.68 seconds.
[[0;32m  OK  [0m] Started Apply the settings specified in cloud-config.
         Starting Execute cloud user/final scripts...
[[0;32m  OK  [0m] Created slice User Slice of vagrant.
         Starting User Manager for UID 1000...
[[0;32m  OK  [0m] Started Session 1 of user vagrant.
[[0;32m  OK  [0m] Started User Manager for UID 1000.
[   27.227470] cloud-init[1632]: Cloud-init v. 18.3-9-g2e62cb8a-0ubuntu1~16.04.2 running 'modules:final' at Mon, 31 Dec 2018 11:54:14 +0000. Up 26.33 seconds.
[   27.228280] cloud-init[1632]: Cloud-init v. 18.3-9-g2e62cb8a-0ubuntu1~16.04.2 finished at Mon, 31 Dec 2018 11:54:15 +0000. Datasource DataSourceNoCloud [seed=/dev/sdb][dsmode=net].  Up 27.20 seconds

Ubuntu 16.04.5 LTS kouosl ttyS0

kouosl login: 